Added Component: Designator=C?(0603 cap)
Added Component: Designator=C?(0603 cap)
Added Component: Designator=D?(SX1278_V1.2)
Added Component: Designator=D?(TSSOP20)
Added Component: Designator=D?(0402 res)
Added Component: Designator=X?(NEMA17 đàçú¸́)
Added Pin To Net: NetName=GND Pin=C?-0
Added Pin To Net: NetName=GND Pin=C?-0
Added Pin To Net: NetName=GND Pin=D?-1
Added Pin To Net: NetName=GND Pin=D?-1
Added Pin To Net: NetName=GND Pin=D?-3
Added Pin To Net: NetName=GND Pin=D?-12
Added Pin To Net: NetName=GND Pin=D?-14
Added Pin To Net: NetName=GND Pin=X?-1
Added Net: Name=GND
Added Pin To Net: NetName=NetD?_11 Pin=D?-11
Added Pin To Net: NetName=NetD?_11 Pin=X?-2
Added Net: Name=NetD?_11
Added Pin To Net: NetName=NetD?_12 Pin=D?-12
Added Pin To Net: NetName=NetD?_12 Pin=X?-3
Added Net: Name=NetD?_12
Added Pin To Net: NetName=VCC Pin=D?-5
Added Pin To Net: NetName=VCC Pin=D?-5
Added Pin To Net: NetName=VCC Pin=X?-4
Added Net: Name=VCC
Added Class: Name=Schematic
Added Rule: Name=Schematic Supply Nets
Added Rule: Name=Schematic Supply Nets_1
