Added Component: Designator=C1(0603 cap)
Added Component: Designator=D1(sop8(5.2 x 5.2))
Added Component: Designator=R1(0402 res)
Added Component: Designator=R2(0402 res)
Added Component: Designator=XP1(Питание разъём)
Added Component: Designator=XP2(Питание разъём)
Added Pin To Net: NetName=NetC1_0 Pin=C1-0
Added Pin To Net: NetName=NetC1_0 Pin=D1-4
Added Pin To Net: NetName=NetC1_0 Pin=XP1-2
Added Net: Name=NetC1_0
Added Pin To Net: NetName=NetC1_1 Pin=C1-1
Added Pin To Net: NetName=NetC1_1 Pin=D1-1
Added Pin To Net: NetName=NetC1_1 Pin=R1-0
Added Pin To Net: NetName=NetC1_1 Pin=R2-0
Added Pin To Net: NetName=NetC1_1 Pin=XP1-1
Added Net: Name=NetC1_1
Added Pin To Net: NetName=NetD1_6 Pin=D1-6
Added Pin To Net: NetName=NetD1_6 Pin=R1-1
Added Pin To Net: NetName=NetD1_6 Pin=XP2-2
Added Net: Name=NetD1_6
Added Pin To Net: NetName=NetD1_7 Pin=D1-7
Added Pin To Net: NetName=NetD1_7 Pin=R2-1
Added Pin To Net: NetName=NetD1_7 Pin=XP2-1
Added Net: Name=NetD1_7
Added Class: Name=Схема1
